{"timestamp":"2026-03-02T17:23:00.178861","level":"info","event":"DAG bundles loaded: dags-folder","logger":"airflow.dag_processing.bundles.manager.DagBundlesManager"}
{"timestamp":"2026-03-02T17:23:00.179955","level":"info","event":"Filling up the DagBag from /opt/airflow/dags/dbt_pipeline.py","logger":"airflow.models.dagbag.DagBag"}
{"timestamp":"2026-03-02T17:23:00.258386","level":"info","event":"Tmp dir root location: /tmp","logger":"airflow.task.hooks.airflow.providers.standard.hooks.subprocess.SubprocessHook"}
{"timestamp":"2026-03-02T17:23:00.260117","level":"info","event":"Running command: ['/usr/bin/bash', '-c', '/home/airflow/.local/bin/dbt seed --project-dir /opt/dbt --profiles-dir /opt/dbt']","logger":"airflow.task.hooks.airflow.providers.standard.hooks.subprocess.SubprocessHook"}
{"timestamp":"2026-03-02T17:23:00.284082","level":"info","event":"Output:","logger":"airflow.task.hooks.airflow.providers.standard.hooks.subprocess.SubprocessHook"}
{"timestamp":"2026-03-02T17:23:04.004076","level":"info","event":"\u001b[0m17:23:04  Running with dbt=1.11.6","logger":"airflow.task.hooks.airflow.providers.standard.hooks.subprocess.SubprocessHook"}
{"timestamp":"2026-03-02T17:23:04.270585","level":"info","event":"\u001b[0m17:23:04  Registered adapter: postgres=1.10.0","logger":"airflow.task.hooks.airflow.providers.standard.hooks.subprocess.SubprocessHook"}
{"timestamp":"2026-03-02T17:23:04.438605","level":"info","event":"\u001b[0m17:23:04  [\u001b[33mWARNING\u001b[0m]: Configuration paths exist in your dbt_project.yml file which do not apply to any resources.","logger":"airflow.task.hooks.airflow.providers.standard.hooks.subprocess.SubprocessHook"}
{"timestamp":"2026-03-02T17:23:04.438905","level":"info","event":"There are 2 unused configuration paths:","logger":"airflow.task.hooks.airflow.providers.standard.hooks.subprocess.SubprocessHook"}
{"timestamp":"2026-03-02T17:23:04.439072","level":"info","event":"- models.financas.marts","logger":"airflow.task.hooks.airflow.providers.standard.hooks.subprocess.SubprocessHook"}
{"timestamp":"2026-03-02T17:23:04.439167","level":"info","event":"- models.financas.staging","logger":"airflow.task.hooks.airflow.providers.standard.hooks.subprocess.SubprocessHook"}
{"timestamp":"2026-03-02T17:23:04.550236","level":"info","event":"\u001b[0m17:23:04  Found 1 seed, 464 macros","logger":"airflow.task.hooks.airflow.providers.standard.hooks.subprocess.SubprocessHook"}
{"timestamp":"2026-03-02T17:23:04.554005","level":"info","event":"\u001b[0m17:23:04","logger":"airflow.task.hooks.airflow.providers.standard.hooks.subprocess.SubprocessHook"}
{"timestamp":"2026-03-02T17:23:04.554706","level":"info","event":"\u001b[0m17:23:04  Concurrency: 4 threads (target='dev')","logger":"airflow.task.hooks.airflow.providers.standard.hooks.subprocess.SubprocessHook"}
{"timestamp":"2026-03-02T17:23:04.555829","level":"info","event":"\u001b[0m17:23:04","logger":"airflow.task.hooks.airflow.providers.standard.hooks.subprocess.SubprocessHook"}
{"timestamp":"2026-03-02T17:23:04.661215","level":"info","event":"\u001b[0m17:23:04  1 of 1 START seed file staging_raw.test ........................................ [RUN]","logger":"airflow.task.hooks.airflow.providers.standard.hooks.subprocess.SubprocessHook"}
{"timestamp":"2026-03-02T17:23:04.776508","level":"info","event":"\u001b[0m17:23:04  1 of 1 OK loaded seed file staging_raw.test .................................... [\u001b[32mINSERT 1\u001b[0m in 0.11s]","logger":"airflow.task.hooks.airflow.providers.standard.hooks.subprocess.SubprocessHook"}
{"timestamp":"2026-03-02T17:23:04.793830","level":"info","event":"\u001b[0m17:23:04","logger":"airflow.task.hooks.airflow.providers.standard.hooks.subprocess.SubprocessHook"}
{"timestamp":"2026-03-02T17:23:04.794740","level":"info","event":"\u001b[0m17:23:04  Finished running 1 seed in 0 hours 0 minutes and 0.24 seconds (0.24s).","logger":"airflow.task.hooks.airflow.providers.standard.hooks.subprocess.SubprocessHook"}
{"timestamp":"2026-03-02T17:23:04.841291","level":"info","event":"\u001b[0m17:23:04","logger":"airflow.task.hooks.airflow.providers.standard.hooks.subprocess.SubprocessHook"}
{"timestamp":"2026-03-02T17:23:04.842820","level":"info","event":"\u001b[0m17:23:04  \u001b[32mCompleted successfully\u001b[0m","logger":"airflow.task.hooks.airflow.providers.standard.hooks.subprocess.SubprocessHook"}
{"timestamp":"2026-03-02T17:23:04.843807","level":"info","event":"\u001b[0m17:23:04","logger":"airflow.task.hooks.airflow.providers.standard.hooks.subprocess.SubprocessHook"}
{"timestamp":"2026-03-02T17:23:04.844897","level":"info","event":"\u001b[0m17:23:04  Done. PASS=1 WARN=0 ERROR=0 SKIP=0 NO-OP=0 TOTAL=1","logger":"airflow.task.hooks.airflow.providers.standard.hooks.subprocess.SubprocessHook"}
{"timestamp":"2026-03-02T17:23:07.226950","level":"info","event":"Command exited with return code 0","logger":"airflow.task.hooks.airflow.providers.standard.hooks.subprocess.SubprocessHook"}
{"timestamp":"2026-03-02T17:23:07.228201","level":"info","event":"Pushing xcom","ti":"RuntimeTaskInstance(id=UUID('019caf93-1a3d-7bb8-acda-467ace705134'), task_id='dbt_seed', dag_id='dbt_pipeline', run_id='manual__2026-03-02T17:22:59.240484+00:00', try_number=1, map_index=-1, hostname='63e75a71ba03', context_carrier=None, task=<Task(BashOperator): dbt_seed>, bundle_instance=LocalDagBundle(name=dags-folder), max_tries=1, start_date=datetime.datetime(2026, 3, 2, 17, 23, 0, 117697, tzinfo=datetime.timezone.utc), end_date=None, state=<TaskInstanceState.RUNNING: 'running'>, is_mapped=False, rendered_map_index=None, log_url='http://localhost:8080/dags/dbt_pipeline/runs/manual__2026-03-02T17%3A22%3A59.240484%2B00%3A00/tasks/dbt_seed?try_number=1')","logger":"task"}
