{"timestamp":"2026-03-02T17:21:28.308947","level":"info","event":"DAG bundles loaded: dags-folder","logger":"airflow.dag_processing.bundles.manager.DagBundlesManager"}
{"timestamp":"2026-03-02T17:21:28.310090","level":"info","event":"Filling up the DagBag from /opt/airflow/dags/dbt_pipeline.py","logger":"airflow.models.dagbag.DagBag"}
{"timestamp":"2026-03-02T17:21:28.411661","level":"info","event":"Tmp dir root location: /tmp","logger":"airflow.task.hooks.airflow.providers.standard.hooks.subprocess.SubprocessHook"}
{"timestamp":"2026-03-02T17:21:28.412946","level":"info","event":"Running command: ['/usr/bin/bash', '-c', '/home/airflow/.local/bin/dbt seed --project-dir /opt/dbt --profiles-dir /opt/dbt']","logger":"airflow.task.hooks.airflow.providers.standard.hooks.subprocess.SubprocessHook"}
{"timestamp":"2026-03-02T17:21:28.436115","level":"info","event":"Output:","logger":"airflow.task.hooks.airflow.providers.standard.hooks.subprocess.SubprocessHook"}
{"timestamp":"2026-03-02T17:21:32.825390","level":"info","event":"\u001b[0m17:21:32  Running with dbt=1.11.6","logger":"airflow.task.hooks.airflow.providers.standard.hooks.subprocess.SubprocessHook"}
{"timestamp":"2026-03-02T17:21:33.285150","level":"info","event":"\u001b[0m17:21:33  Registered adapter: postgres=1.10.0","logger":"airflow.task.hooks.airflow.providers.standard.hooks.subprocess.SubprocessHook"}
{"timestamp":"2026-03-02T17:21:33.701288","level":"info","event":"\u001b[0m17:21:33  [\u001b[33mWARNING\u001b[0m]: Configuration paths exist in your dbt_project.yml file which do not apply to any resources.","logger":"airflow.task.hooks.airflow.providers.standard.hooks.subprocess.SubprocessHook"}
{"timestamp":"2026-03-02T17:21:33.701464","level":"info","event":"There are 2 unused configuration paths:","logger":"airflow.task.hooks.airflow.providers.standard.hooks.subprocess.SubprocessHook"}
{"timestamp":"2026-03-02T17:21:33.701567","level":"info","event":"- models.financas.marts","logger":"airflow.task.hooks.airflow.providers.standard.hooks.subprocess.SubprocessHook"}
{"timestamp":"2026-03-02T17:21:33.701642","level":"info","event":"- models.financas.staging","logger":"airflow.task.hooks.airflow.providers.standard.hooks.subprocess.SubprocessHook"}
{"timestamp":"2026-03-02T17:21:33.878614","level":"info","event":"\u001b[0m17:21:33  Found 1 seed, 464 macros","logger":"airflow.task.hooks.airflow.providers.standard.hooks.subprocess.SubprocessHook"}
{"timestamp":"2026-03-02T17:21:33.883121","level":"info","event":"\u001b[0m17:21:33","logger":"airflow.task.hooks.airflow.providers.standard.hooks.subprocess.SubprocessHook"}
{"timestamp":"2026-03-02T17:21:33.884656","level":"info","event":"\u001b[0m17:21:33  Concurrency: 4 threads (target='dev')","logger":"airflow.task.hooks.airflow.providers.standard.hooks.subprocess.SubprocessHook"}
{"timestamp":"2026-03-02T17:21:33.885629","level":"info","event":"\u001b[0m17:21:33","logger":"airflow.task.hooks.airflow.providers.standard.hooks.subprocess.SubprocessHook"}
{"timestamp":"2026-03-02T17:21:34.053078","level":"info","event":"\u001b[0m17:21:34  1 of 1 START seed file staging_raw.test ........................................ [RUN]","logger":"airflow.task.hooks.airflow.providers.standard.hooks.subprocess.SubprocessHook"}
{"timestamp":"2026-03-02T17:21:34.170219","level":"info","event":"\u001b[0m17:21:34  1 of 1 OK loaded seed file staging_raw.test .................................... [\u001b[32mINSERT 1\u001b[0m in 0.11s]","logger":"airflow.task.hooks.airflow.providers.standard.hooks.subprocess.SubprocessHook"}
{"timestamp":"2026-03-02T17:21:34.187872","level":"info","event":"\u001b[0m17:21:34","logger":"airflow.task.hooks.airflow.providers.standard.hooks.subprocess.SubprocessHook"}
{"timestamp":"2026-03-02T17:21:34.188633","level":"info","event":"\u001b[0m17:21:34  Finished running 1 seed in 0 hours 0 minutes and 0.30 seconds (0.30s).","logger":"airflow.task.hooks.airflow.providers.standard.hooks.subprocess.SubprocessHook"}
{"timestamp":"2026-03-02T17:21:34.237242","level":"info","event":"\u001b[0m17:21:34","logger":"airflow.task.hooks.airflow.providers.standard.hooks.subprocess.SubprocessHook"}
{"timestamp":"2026-03-02T17:21:34.238209","level":"info","event":"\u001b[0m17:21:34  \u001b[32mCompleted successfully\u001b[0m","logger":"airflow.task.hooks.airflow.providers.standard.hooks.subprocess.SubprocessHook"}
{"timestamp":"2026-03-02T17:21:34.239118","level":"info","event":"\u001b[0m17:21:34","logger":"airflow.task.hooks.airflow.providers.standard.hooks.subprocess.SubprocessHook"}
{"timestamp":"2026-03-02T17:21:34.240018","level":"info","event":"\u001b[0m17:21:34  Done. PASS=1 WARN=0 ERROR=0 SKIP=0 NO-OP=0 TOTAL=1","logger":"airflow.task.hooks.airflow.providers.standard.hooks.subprocess.SubprocessHook"}
{"timestamp":"2026-03-02T17:21:37.205132","level":"info","event":"Command exited with return code 0","logger":"airflow.task.hooks.airflow.providers.standard.hooks.subprocess.SubprocessHook"}
{"timestamp":"2026-03-02T17:21:37.206372","level":"info","event":"Pushing xcom","ti":"RuntimeTaskInstance(id=UUID('019caf91-b5cc-763c-b2c6-1537f5591594'), task_id='dbt_seed', dag_id='dbt_pipeline', run_id='scheduled__2026-03-02T00:00:00+00:00', try_number=1, map_index=-1, hostname='63e75a71ba03', context_carrier=None, task=<Task(BashOperator): dbt_seed>, bundle_instance=LocalDagBundle(name=dags-folder), max_tries=1, start_date=datetime.datetime(2026, 3, 2, 17, 21, 28, 238282, tzinfo=datetime.timezone.utc), end_date=None, state=<TaskInstanceState.RUNNING: 'running'>, is_mapped=False, rendered_map_index=None, log_url='http://localhost:8080/dags/dbt_pipeline/runs/scheduled__2026-03-02T00%3A00%3A00%2B00%3A00/tasks/dbt_seed?try_number=1')","logger":"task"}
{"timestamp":"2026-03-02T17:28:45.079494","level":"info","event":"DAG bundles loaded: dags-folder","logger":"airflow.dag_processing.bundles.manager.DagBundlesManager"}
{"timestamp":"2026-03-02T17:28:45.081019","level":"info","event":"Filling up the DagBag from /opt/airflow/dags/dbt_pipeline.py","logger":"airflow.models.dagbag.DagBag"}
{"timestamp":"2026-03-02T17:28:47.551766","level":"info","event":"Tmp dir root location: /tmp","logger":"airflow.task.hooks.airflow.providers.standard.hooks.subprocess.SubprocessHook"}
{"timestamp":"2026-03-02T17:28:47.553013","level":"info","event":"Running command: ['/usr/bin/bash', '-c', '/home/airflow/.local/bin/dbt seed --project-dir /opt/dbt --profiles-dir /opt/dbt']","logger":"airflow.task.hooks.airflow.providers.standard.hooks.subprocess.SubprocessHook"}
{"timestamp":"2026-03-02T17:28:47.565853","level":"info","event":"Output:","logger":"airflow.task.hooks.airflow.providers.standard.hooks.subprocess.SubprocessHook"}
{"timestamp":"2026-03-02T17:28:50.207625","level":"info","event":"\u001b[0m17:28:50  Running with dbt=1.11.6","logger":"airflow.task.hooks.airflow.providers.standard.hooks.subprocess.SubprocessHook"}
{"timestamp":"2026-03-02T17:28:50.460126","level":"info","event":"\u001b[0m17:28:50  Registered adapter: postgres=1.10.0","logger":"airflow.task.hooks.airflow.providers.standard.hooks.subprocess.SubprocessHook"}
{"timestamp":"2026-03-02T17:28:50.676783","level":"info","event":"\u001b[0m17:28:50  [\u001b[33mWARNING\u001b[0m]: Configuration paths exist in your dbt_project.yml file which do not apply to any resources.","logger":"airflow.task.hooks.airflow.providers.standard.hooks.subprocess.SubprocessHook"}
{"timestamp":"2026-03-02T17:28:50.677008","level":"info","event":"There are 3 unused configuration paths:","logger":"airflow.task.hooks.airflow.providers.standard.hooks.subprocess.SubprocessHook"}
{"timestamp":"2026-03-02T17:28:50.677136","level":"info","event":"- models.financas.staging","logger":"airflow.task.hooks.airflow.providers.standard.hooks.subprocess.SubprocessHook"}
{"timestamp":"2026-03-02T17:28:50.677215","level":"info","event":"- models.financas.marts","logger":"airflow.task.hooks.airflow.providers.standard.hooks.subprocess.SubprocessHook"}
{"timestamp":"2026-03-02T17:28:50.677286","level":"info","event":"- seeds.financas","logger":"airflow.task.hooks.airflow.providers.standard.hooks.subprocess.SubprocessHook"}
{"timestamp":"2026-03-02T17:28:50.849320","level":"info","event":"\u001b[0m17:28:50  Found 464 macros","logger":"airflow.task.hooks.airflow.providers.standard.hooks.subprocess.SubprocessHook"}
{"timestamp":"2026-03-02T17:28:50.854930","level":"info","event":"\u001b[0m17:28:50  Nothing to do. Try checking your model configs and model specification args","logger":"airflow.task.hooks.airflow.providers.standard.hooks.subprocess.SubprocessHook"}
{"timestamp":"2026-03-02T17:28:50.958858","level":"info","event":"\u001b[0m17:28:50","logger":"airflow.task.hooks.airflow.providers.standard.hooks.subprocess.SubprocessHook"}
{"timestamp":"2026-03-02T17:28:50.960197","level":"info","event":"\u001b[0m17:28:50  \u001b[32mCompleted successfully\u001b[0m","logger":"airflow.task.hooks.airflow.providers.standard.hooks.subprocess.SubprocessHook"}
{"timestamp":"2026-03-02T17:28:50.961513","level":"info","event":"\u001b[0m17:28:50","logger":"airflow.task.hooks.airflow.providers.standard.hooks.subprocess.SubprocessHook"}
{"timestamp":"2026-03-02T17:28:50.962450","level":"info","event":"\u001b[0m17:28:50  Done. PASS=0 WARN=0 ERROR=0 SKIP=0 NO-OP=0 TOTAL=0","logger":"airflow.task.hooks.airflow.providers.standard.hooks.subprocess.SubprocessHook"}
{"timestamp":"2026-03-02T17:28:52.999799","level":"info","event":"Command exited with return code 0","logger":"airflow.task.hooks.airflow.providers.standard.hooks.subprocess.SubprocessHook"}
{"timestamp":"2026-03-02T17:28:53.001056","level":"info","event":"Pushing xcom","ti":"RuntimeTaskInstance(id=UUID('019caf98-54e2-773c-91a6-79d3f679140c'), task_id='dbt_seed', dag_id='dbt_pipeline', run_id='scheduled__2026-03-02T00:00:00+00:00', try_number=1, map_index=-1, hostname='db50e31b06da', context_carrier=None, task=<Task(BashOperator): dbt_seed>, bundle_instance=LocalDagBundle(name=dags-folder), max_tries=1, start_date=datetime.datetime(2026, 3, 2, 17, 28, 42, 913164, tzinfo=datetime.timezone.utc), end_date=None, state=<TaskInstanceState.RUNNING: 'running'>, is_mapped=False, rendered_map_index=None, log_url='http://localhost:8080/dags/dbt_pipeline/runs/scheduled__2026-03-02T00%3A00%3A00%2B00%3A00/tasks/dbt_seed?try_number=1')","logger":"task"}
