{"timestamp":"2026-03-02T17:21:38.479864","level":"info","event":"DAG bundles loaded: dags-folder","logger":"airflow.dag_processing.bundles.manager.DagBundlesManager"}
{"timestamp":"2026-03-02T17:21:38.480850","level":"info","event":"Filling up the DagBag from /opt/airflow/dags/dbt_pipeline.py","logger":"airflow.models.dagbag.DagBag"}
{"timestamp":"2026-03-02T17:21:38.558886","level":"info","event":"Tmp dir root location: /tmp","logger":"airflow.task.hooks.airflow.providers.standard.hooks.subprocess.SubprocessHook"}
{"timestamp":"2026-03-02T17:21:38.559945","level":"info","event":"Running command: ['/usr/bin/bash', '-c', '/home/airflow/.local/bin/dbt run --project-dir /opt/dbt --profiles-dir /opt/dbt']","logger":"airflow.task.hooks.airflow.providers.standard.hooks.subprocess.SubprocessHook"}
{"timestamp":"2026-03-02T17:21:38.577606","level":"info","event":"Output:","logger":"airflow.task.hooks.airflow.providers.standard.hooks.subprocess.SubprocessHook"}
{"timestamp":"2026-03-02T17:21:42.971883","level":"info","event":"\u001b[0m17:21:42  Running with dbt=1.11.6","logger":"airflow.task.hooks.airflow.providers.standard.hooks.subprocess.SubprocessHook"}
{"timestamp":"2026-03-02T17:21:43.431717","level":"info","event":"\u001b[0m17:21:43  Registered adapter: postgres=1.10.0","logger":"airflow.task.hooks.airflow.providers.standard.hooks.subprocess.SubprocessHook"}
{"timestamp":"2026-03-02T17:21:43.661416","level":"info","event":"\u001b[0m17:21:43  [\u001b[33mWARNING\u001b[0m]: Configuration paths exist in your dbt_project.yml file which do not apply to any resources.","logger":"airflow.task.hooks.airflow.providers.standard.hooks.subprocess.SubprocessHook"}
{"timestamp":"2026-03-02T17:21:43.661644","level":"info","event":"There are 2 unused configuration paths:","logger":"airflow.task.hooks.airflow.providers.standard.hooks.subprocess.SubprocessHook"}
{"timestamp":"2026-03-02T17:21:43.661763","level":"info","event":"- models.financas.staging","logger":"airflow.task.hooks.airflow.providers.standard.hooks.subprocess.SubprocessHook"}
{"timestamp":"2026-03-02T17:21:43.661863","level":"info","event":"- models.financas.marts","logger":"airflow.task.hooks.airflow.providers.standard.hooks.subprocess.SubprocessHook"}
{"timestamp":"2026-03-02T17:21:43.798370","level":"info","event":"\u001b[0m17:21:43  Found 1 seed, 464 macros","logger":"airflow.task.hooks.airflow.providers.standard.hooks.subprocess.SubprocessHook"}
{"timestamp":"2026-03-02T17:21:43.803352","level":"info","event":"\u001b[0m17:21:43  Nothing to do. Try checking your model configs and model specification args","logger":"airflow.task.hooks.airflow.providers.standard.hooks.subprocess.SubprocessHook"}
{"timestamp":"2026-03-02T17:21:46.154378","level":"info","event":"Command exited with return code 0","logger":"airflow.task.hooks.airflow.providers.standard.hooks.subprocess.SubprocessHook"}
{"timestamp":"2026-03-02T17:21:46.155455","level":"info","event":"Pushing xcom","ti":"RuntimeTaskInstance(id=UUID('019caf91-b5cd-75fa-acc2-fa651e494ab6'), task_id='dbt_run', dag_id='dbt_pipeline', run_id='scheduled__2026-03-02T00:00:00+00:00', try_number=1, map_index=-1, hostname='63e75a71ba03', context_carrier=None, task=<Task(BashOperator): dbt_run>, bundle_instance=LocalDagBundle(name=dags-folder), max_tries=1, start_date=datetime.datetime(2026, 3, 2, 17, 21, 38, 420356, tzinfo=datetime.timezone.utc), end_date=None, state=<TaskInstanceState.RUNNING: 'running'>, is_mapped=False, rendered_map_index=None, log_url='http://localhost:8080/dags/dbt_pipeline/runs/scheduled__2026-03-02T00%3A00%3A00%2B00%3A00/tasks/dbt_run?try_number=1')","logger":"task"}
{"timestamp":"2026-03-02T17:28:54.320341","level":"info","event":"DAG bundles loaded: dags-folder","logger":"airflow.dag_processing.bundles.manager.DagBundlesManager"}
{"timestamp":"2026-03-02T17:28:54.321377","level":"info","event":"Filling up the DagBag from /opt/airflow/dags/dbt_pipeline.py","logger":"airflow.models.dagbag.DagBag"}
{"timestamp":"2026-03-02T17:28:54.413624","level":"info","event":"Tmp dir root location: /tmp","logger":"airflow.task.hooks.airflow.providers.standard.hooks.subprocess.SubprocessHook"}
{"timestamp":"2026-03-02T17:28:54.416379","level":"info","event":"Running command: ['/usr/bin/bash', '-c', '/home/airflow/.local/bin/dbt run --project-dir /opt/dbt --profiles-dir /opt/dbt']","logger":"airflow.task.hooks.airflow.providers.standard.hooks.subprocess.SubprocessHook"}
{"timestamp":"2026-03-02T17:28:54.437341","level":"info","event":"Output:","logger":"airflow.task.hooks.airflow.providers.standard.hooks.subprocess.SubprocessHook"}
{"timestamp":"2026-03-02T17:28:58.395204","level":"info","event":"\u001b[0m17:28:58  Running with dbt=1.11.6","logger":"airflow.task.hooks.airflow.providers.standard.hooks.subprocess.SubprocessHook"}
{"timestamp":"2026-03-02T17:28:58.656471","level":"info","event":"\u001b[0m17:28:58  Registered adapter: postgres=1.10.0","logger":"airflow.task.hooks.airflow.providers.standard.hooks.subprocess.SubprocessHook"}
{"timestamp":"2026-03-02T17:28:58.797064","level":"info","event":"\u001b[0m17:28:58  [\u001b[33mWARNING\u001b[0m]: Configuration paths exist in your dbt_project.yml file which do not apply to any resources.","logger":"airflow.task.hooks.airflow.providers.standard.hooks.subprocess.SubprocessHook"}
{"timestamp":"2026-03-02T17:28:58.797497","level":"info","event":"There are 3 unused configuration paths:","logger":"airflow.task.hooks.airflow.providers.standard.hooks.subprocess.SubprocessHook"}
{"timestamp":"2026-03-02T17:28:58.797597","level":"info","event":"- models.financas.staging","logger":"airflow.task.hooks.airflow.providers.standard.hooks.subprocess.SubprocessHook"}
{"timestamp":"2026-03-02T17:28:58.797664","level":"info","event":"- models.financas.marts","logger":"airflow.task.hooks.airflow.providers.standard.hooks.subprocess.SubprocessHook"}
{"timestamp":"2026-03-02T17:28:58.797733","level":"info","event":"- seeds.financas","logger":"airflow.task.hooks.airflow.providers.standard.hooks.subprocess.SubprocessHook"}
{"timestamp":"2026-03-02T17:28:58.902995","level":"info","event":"\u001b[0m17:28:58  Found 464 macros","logger":"airflow.task.hooks.airflow.providers.standard.hooks.subprocess.SubprocessHook"}
{"timestamp":"2026-03-02T17:28:58.906329","level":"info","event":"\u001b[0m17:28:58  Nothing to do. Try checking your model configs and model specification args","logger":"airflow.task.hooks.airflow.providers.standard.hooks.subprocess.SubprocessHook"}
{"timestamp":"2026-03-02T17:29:00.996196","level":"info","event":"Command exited with return code 0","logger":"airflow.task.hooks.airflow.providers.standard.hooks.subprocess.SubprocessHook"}
{"timestamp":"2026-03-02T17:29:00.996908","level":"info","event":"Pushing xcom","ti":"RuntimeTaskInstance(id=UUID('019caf98-54e3-7cef-a074-464e5d52ca2d'), task_id='dbt_run', dag_id='dbt_pipeline', run_id='scheduled__2026-03-02T00:00:00+00:00', try_number=1, map_index=-1, hostname='db50e31b06da', context_carrier=None, task=<Task(BashOperator): dbt_run>, bundle_instance=LocalDagBundle(name=dags-folder), max_tries=1, start_date=datetime.datetime(2026, 3, 2, 17, 28, 54, 259186, tzinfo=datetime.timezone.utc), end_date=None, state=<TaskInstanceState.RUNNING: 'running'>, is_mapped=False, rendered_map_index=None, log_url='http://localhost:8080/dags/dbt_pipeline/runs/scheduled__2026-03-02T00%3A00%3A00%2B00%3A00/tasks/dbt_run?try_number=1')","logger":"task"}
