{"timestamp":"2026-03-02T17:28:44.958565","level":"info","event":"DAG bundles loaded: dags-folder","logger":"airflow.dag_processing.bundles.manager.DagBundlesManager"}
{"timestamp":"2026-03-02T17:28:44.959980","level":"info","event":"Filling up the DagBag from /opt/airflow/dags/dbt_pipeline.py","logger":"airflow.models.dagbag.DagBag"}
{"timestamp":"2026-03-02T17:28:47.795348","level":"info","event":"Tmp dir root location: /tmp","logger":"airflow.task.hooks.airflow.providers.standard.hooks.subprocess.SubprocessHook"}
{"timestamp":"2026-03-02T17:28:47.796406","level":"info","event":"Running command: ['/usr/bin/bash', '-c', '/home/airflow/.local/bin/dbt seed --project-dir /opt/dbt --profiles-dir /opt/dbt']","logger":"airflow.task.hooks.airflow.providers.standard.hooks.subprocess.SubprocessHook"}
{"timestamp":"2026-03-02T17:28:47.808361","level":"info","event":"Output:","logger":"airflow.task.hooks.airflow.providers.standard.hooks.subprocess.SubprocessHook"}
{"timestamp":"2026-03-02T17:28:50.227587","level":"info","event":"\u001b[0m17:28:50  Running with dbt=1.11.6","logger":"airflow.task.hooks.airflow.providers.standard.hooks.subprocess.SubprocessHook"}
{"timestamp":"2026-03-02T17:28:50.486886","level":"info","event":"\u001b[0m17:28:50  Registered adapter: postgres=1.10.0","logger":"airflow.task.hooks.airflow.providers.standard.hooks.subprocess.SubprocessHook"}
{"timestamp":"2026-03-02T17:28:50.696801","level":"info","event":"\u001b[0m17:28:50  [\u001b[33mWARNING\u001b[0m]: Configuration paths exist in your dbt_project.yml file which do not apply to any resources.","logger":"airflow.task.hooks.airflow.providers.standard.hooks.subprocess.SubprocessHook"}
{"timestamp":"2026-03-02T17:28:50.697167","level":"info","event":"There are 3 unused configuration paths:","logger":"airflow.task.hooks.airflow.providers.standard.hooks.subprocess.SubprocessHook"}
{"timestamp":"2026-03-02T17:28:50.697326","level":"info","event":"- models.financas.staging","logger":"airflow.task.hooks.airflow.providers.standard.hooks.subprocess.SubprocessHook"}
{"timestamp":"2026-03-02T17:28:50.697398","level":"info","event":"- models.financas.marts","logger":"airflow.task.hooks.airflow.providers.standard.hooks.subprocess.SubprocessHook"}
{"timestamp":"2026-03-02T17:28:50.697474","level":"info","event":"- seeds.financas","logger":"airflow.task.hooks.airflow.providers.standard.hooks.subprocess.SubprocessHook"}
{"timestamp":"2026-03-02T17:28:50.847995","level":"info","event":"\u001b[0m17:28:50  Found 464 macros","logger":"airflow.task.hooks.airflow.providers.standard.hooks.subprocess.SubprocessHook"}
{"timestamp":"2026-03-02T17:28:50.852339","level":"info","event":"\u001b[0m17:28:50  Nothing to do. Try checking your model configs and model specification args","logger":"airflow.task.hooks.airflow.providers.standard.hooks.subprocess.SubprocessHook"}
{"timestamp":"2026-03-02T17:28:50.957268","level":"info","event":"\u001b[0m17:28:50","logger":"airflow.task.hooks.airflow.providers.standard.hooks.subprocess.SubprocessHook"}
{"timestamp":"2026-03-02T17:28:50.958839","level":"info","event":"\u001b[0m17:28:50  \u001b[32mCompleted successfully\u001b[0m","logger":"airflow.task.hooks.airflow.providers.standard.hooks.subprocess.SubprocessHook"}
{"timestamp":"2026-03-02T17:28:50.959745","level":"info","event":"\u001b[0m17:28:50","logger":"airflow.task.hooks.airflow.providers.standard.hooks.subprocess.SubprocessHook"}
{"timestamp":"2026-03-02T17:28:50.960676","level":"info","event":"\u001b[0m17:28:50  Done. PASS=0 WARN=0 ERROR=0 SKIP=0 NO-OP=0 TOTAL=0","logger":"airflow.task.hooks.airflow.providers.standard.hooks.subprocess.SubprocessHook"}
{"timestamp":"2026-03-02T17:28:53.008801","level":"info","event":"Command exited with return code 0","logger":"airflow.task.hooks.airflow.providers.standard.hooks.subprocess.SubprocessHook"}
{"timestamp":"2026-03-02T17:28:53.010038","level":"info","event":"Pushing xcom","ti":"RuntimeTaskInstance(id=UUID('019caf98-526b-77e9-aaf8-48d5d8740ddc'), task_id='dbt_seed', dag_id='dbt_pipeline', run_id='manual__2026-03-02T17:28:41.266868+00:00', try_number=1, map_index=-1, hostname='db50e31b06da', context_carrier=None, task=<Task(BashOperator): dbt_seed>, bundle_instance=LocalDagBundle(name=dags-folder), max_tries=1, start_date=datetime.datetime(2026, 3, 2, 17, 28, 42, 910657, tzinfo=datetime.timezone.utc), end_date=None, state=<TaskInstanceState.RUNNING: 'running'>, is_mapped=False, rendered_map_index=None, log_url='http://localhost:8080/dags/dbt_pipeline/runs/manual__2026-03-02T17%3A28%3A41.266868%2B00%3A00/tasks/dbt_seed?try_number=1')","logger":"task"}
